<?xml version="1.0" encoding="UTF-8"?>
<testng-results ignored="0" total="4" passed="4" failed="0" skipped="0">
  <reporter-output>
  </reporter-output>
  <suite started-at="2024-05-05T16:08:27 EEST" name="Suite" finished-at="2024-05-05T16:08:58 EEST" duration-ms="31231">
    <groups>
    </groups>
    <test started-at="2024-05-05T16:08:27 EEST" name="NavigateToApp" finished-at="2024-05-05T16:08:48 EEST" duration-ms="21319">
      <class name="TestComponents.NavigateToApp">
        <test-method signature="navigate()[pri:0, instance:TestComponents.NavigateToApp@4145bad8]" started-at="2024-05-05T16:08:27 EEST" name="navigate" finished-at="2024-05-05T16:08:48 EEST" duration-ms="21270" status="PASS">
          <reporter-output>
          </reporter-output>
        </test-method> <!-- navigate -->
      </class> <!-- TestComponents.NavigateToApp -->
    </test> <!-- NavigateToApp -->
    <test started-at="2024-05-05T16:08:27 EEST" name="Contact" finished-at="2024-05-05T16:08:51 EEST" duration-ms="23872">
      <class name="TestComponents.ContactUs">
        <test-method signature="Contact()[pri:0, instance:TestComponents.ContactUs@53ce1329]" started-at="2024-05-05T16:08:27 EEST" name="Contact" finished-at="2024-05-05T16:08:51 EEST" duration-ms="23824" status="PASS">
          <reporter-output>
          </reporter-output>
        </test-method> <!-- Contact -->
      </class> <!-- TestComponents.ContactUs -->
    </test> <!-- Contact -->
    <test started-at="2024-05-05T16:08:27 EEST" name="Chatbot" finished-at="2024-05-05T16:08:53 EEST" duration-ms="25774">
      <class name="TestComponents.Chatbot">
        <test-method signature="chat()[pri:0, instance:TestComponents.Chatbot@20140db9]" started-at="2024-05-05T16:08:27 EEST" name="chat" finished-at="2024-05-05T16:08:53 EEST" duration-ms="25728" status="PASS">
          <reporter-output>
          </reporter-output>
        </test-method> <!-- chat -->
      </class> <!-- TestComponents.Chatbot -->
    </test> <!-- Chatbot -->
    <test started-at="2024-05-05T16:08:27 EEST" name="BookSession" finished-at="2024-05-05T16:08:58 EEST" duration-ms="31227">
      <class name="TestComponents.BookSession">
        <test-method signature="Book()[pri:0, instance:TestComponents.BookSession@1a942c18]" started-at="2024-05-05T16:08:27 EEST" name="Book" finished-at="2024-05-05T16:08:58 EEST" duration-ms="31183" status="PASS">
          <reporter-output>
          </reporter-output>
        </test-method> <!-- Book -->
      </class> <!-- TestComponents.BookSession -->
    </test> <!-- BookSession -->
  </suite> <!-- Suite -->
</testng-results>
